<?xml version="1.0" encoding="UTF-8"?>
<!-- Generated by org.testng.reporters.JUnitXMLReporter -->
<testsuite ignored="0" hostname="Shailesh" failures="0" tests="3" name="PutPatchDelete API Tests" time="3.046" errors="0" timestamp="2025-09-15T00:05:20 IST">
  <testcase classname="tests.PutPatchDelete" name="testDelete" time="1.951"/>
  <testcase classname="tests.PutPatchDelete" name="testPatch" time="0.436"/>
  <testcase classname="tests.PutPatchDelete" name="testPut" time="0.604"/>
</testsuite> <!-- PutPatchDelete API Tests -->
