<?xml version="1.0" encoding="UTF-8"?>
<!-- Generated by org.testng.reporters.JUnitXMLReporter -->
<testsuite ignored="0" hostname="Shailesh" failures="0" tests="4" name="Default test" time="1.841" errors="0" timestamp="2025-09-15T00:31:52 IST">
  <testcase classname="tests.Chained_Post_Get_Put_Delete" name="createUser" time="1.298"/>
  <testcase classname="tests.Chained_Post_Get_Put_Delete" name="getUser" time="0.092"/>
  <testcase classname="tests.Chained_Post_Get_Put_Delete" name="updateUser" time="0.028"/>
  <testcase classname="tests.Chained_Post_Get_Put_Delete" name="deleteUser" time="0.05"/>
</testsuite> <!-- Default test -->
